Arguments: 
  /usr/bin/node /usr/share/yarn/bin/yarn.js add typescript -D

PATH: 
  /usr/local/sbin:/usr/local/bin:/usr/sbin:/usr/bin:/sbin:/bin:/usr/games:/usr/local/games:/snap/bin

Yarn version: 
  1.22.18

Node version: 
  17.8.0

Platform: 
  linux x64

Trace: 
  Error: connect ENETUNREACH 2606:4700::6810:1223:443 - Local (:::0)
      at internalConnect (node:net:953:16)
      at defaultTriggerAsyncIdScope (node:internal/async_hooks:465:18)
      at emitLookup (node:net:1097:9)
      at /usr/share/yarn/lib/cli.js:103580:28
      at /usr/share/yarn/lib/cli.js:103489:13
      at RawTask.module.exports.RawTask.call (/usr/share/yarn/lib/cli.js:79577:19)
      at flush (/usr/share/yarn/lib/cli.js:79659:29)
      at processTicksAndRejections (node:internal/process/task_queues:78:11)

npm manifest: 
  {
    "name": "backend",
    "version": "1.0.0",
    "main": "index.js",
    "license": "MIT"
  }

yarn manifest: 
  No manifest

Lockfile: 
  # THIS IS AN AUTOGENERATED FILE. DO NOT EDIT THIS FILE DIRECTLY.
  # yarn lockfile v1
